[0.255s] Invoking command in '/home/kzzazzk/ros_ws/src/datos_pkg': DEBUGINFOD_URLS=https://debuginfod.ubuntu.com PYTHONPATH=/home/kzzazzk/ros_ws/build/datos_pkg/prefix_override:/usr/lib/python3/dist-packages/colcon_core/task/python/colcon_distutils_commands:/home/kzzazzk/ros_ws/install/datos_pkg/lib/python3.12/site-packages:${PYTHONPATH} /usr/bin/python3 -W ignore:setup.py install is deprecated -W ignore:easy_install command is deprecated setup.py egg_info --egg-base ../../build/datos_pkg build --build-base /home/kzzazzk/ros_ws/build/datos_pkg/build install --record /home/kzzazzk/ros_ws/build/datos_pkg/install.log --single-version-externally-managed install_data
[0.345s] running egg_info
[0.350s] writing ../../build/datos_pkg/datos_pkg.egg-info/PKG-INFO
[0.350s] writing dependency_links to ../../build/datos_pkg/datos_pkg.egg-info/dependency_links.txt
[0.350s] writing entry points to ../../build/datos_pkg/datos_pkg.egg-info/entry_points.txt
[0.350s] writing requirements to ../../build/datos_pkg/datos_pkg.egg-info/requires.txt
[0.350s] writing top-level names to ../../build/datos_pkg/datos_pkg.egg-info/top_level.txt
[0.361s] reading manifest file '../../build/datos_pkg/datos_pkg.egg-info/SOURCES.txt'
[0.361s] writing manifest file '../../build/datos_pkg/datos_pkg.egg-info/SOURCES.txt'
[0.361s] running build
[0.361s] running build_py
[0.362s] running install
[0.364s] running install_lib
[0.369s] running install_data
[0.370s] running install_egg_info
[0.375s] removing '/home/kzzazzk/ros_ws/install/datos_pkg/lib/python3.12/site-packages/datos_pkg-0.0.0-py3.12.egg-info' (and everything under it)
[0.376s] Copying ../../build/datos_pkg/datos_pkg.egg-info to /home/kzzazzk/ros_ws/install/datos_pkg/lib/python3.12/site-packages/datos_pkg-0.0.0-py3.12.egg-info
[0.376s] running install_scripts
[0.417s] writing list of installed files to '/home/kzzazzk/ros_ws/build/datos_pkg/install.log'
[0.429s] Invoked command in '/home/kzzazzk/ros_ws/src/datos_pkg' returned '0': DEBUGINFOD_URLS=https://debuginfod.ubuntu.com PYTHONPATH=/home/kzzazzk/ros_ws/build/datos_pkg/prefix_override:/usr/lib/python3/dist-packages/colcon_core/task/python/colcon_distutils_commands:/home/kzzazzk/ros_ws/install/datos_pkg/lib/python3.12/site-packages:${PYTHONPATH} /usr/bin/python3 -W ignore:setup.py install is deprecated -W ignore:easy_install command is deprecated setup.py egg_info --egg-base ../../build/datos_pkg build --build-base /home/kzzazzk/ros_ws/build/datos_pkg/build install --record /home/kzzazzk/ros_ws/build/datos_pkg/install.log --single-version-externally-managed install_data
