running egg_info
creating ../../build/datos_pkg/datos_pkg.egg-info
writing ../../build/datos_pkg/datos_pkg.egg-info/PKG-INFO
writing dependency_links to ../../build/datos_pkg/datos_pkg.egg-info/dependency_links.txt
writing entry points to ../../build/datos_pkg/datos_pkg.egg-info/entry_points.txt
writing requirements to ../../build/datos_pkg/datos_pkg.egg-info/requires.txt
writing top-level names to ../../build/datos_pkg/datos_pkg.egg-info/top_level.txt
writing manifest file '../../build/datos_pkg/datos_pkg.egg-info/SOURCES.txt'
reading manifest file '../../build/datos_pkg/datos_pkg.egg-info/SOURCES.txt'
writing manifest file '../../build/datos_pkg/datos_pkg.egg-info/SOURCES.txt'
running build
running build_py
creating /home/kzzazzk/ros_ws/build/datos_pkg/build
creating /home/kzzazzk/ros_ws/build/datos_pkg/build/lib
creating /home/kzzazzk/ros_ws/build/datos_pkg/build/lib/datos_pkg
copying datos_pkg/__init__.py -> /home/kzzazzk/ros_ws/build/datos_pkg/build/lib/datos_pkg
running install
running install_lib
creating /home/kzzazzk/ros_ws/install/datos_pkg/lib/python3.12/site-packages/datos_pkg
copying /home/kzzazzk/ros_ws/build/datos_pkg/build/lib/datos_pkg/__init__.py -> /home/kzzazzk/ros_ws/install/datos_pkg/lib/python3.12/site-packages/datos_pkg
byte-compiling /home/kzzazzk/ros_ws/install/datos_pkg/lib/python3.12/site-packages/datos_pkg/__init__.py to __init__.cpython-312.pyc
running install_data
creating /home/kzzazzk/ros_ws/install/datos_pkg/share/ament_index
creating /home/kzzazzk/ros_ws/install/datos_pkg/share/ament_index/resource_index
creating /home/kzzazzk/ros_ws/install/datos_pkg/share/ament_index/resource_index/packages
copying resource/datos_pkg -> /home/kzzazzk/ros_ws/install/datos_pkg/share/ament_index/resource_index/packages
copying package.xml -> /home/kzzazzk/ros_ws/install/datos_pkg/share/datos_pkg
running install_egg_info
Copying ../../build/datos_pkg/datos_pkg.egg-info to /home/kzzazzk/ros_ws/install/datos_pkg/lib/python3.12/site-packages/datos_pkg-0.0.0-py3.12.egg-info
running install_scripts
writing list of installed files to '/home/kzzazzk/ros_ws/build/datos_pkg/install.log'
