[0.257s] Invoking command in '/home/kzzazzk/ros_ws/src/datos_pkg': DEBUGINFOD_URLS=https://debuginfod.ubuntu.com PYTHONPATH=/home/kzzazzk/ros_ws/build/datos_pkg/prefix_override:/usr/lib/python3/dist-packages/colcon_core/task/python/colcon_distutils_commands:/home/kzzazzk/ros_ws/install/datos_pkg/lib/python3.12/site-packages:${PYTHONPATH} /usr/bin/python3 -W ignore:setup.py install is deprecated -W ignore:easy_install command is deprecated setup.py egg_info --egg-base ../../build/datos_pkg build --build-base /home/kzzazzk/ros_ws/build/datos_pkg/build install --record /home/kzzazzk/ros_ws/build/datos_pkg/install.log --single-version-externally-managed install_data
[0.339s] running egg_info
[0.339s] creating ../../build/datos_pkg/datos_pkg.egg-info
[0.344s] writing ../../build/datos_pkg/datos_pkg.egg-info/PKG-INFO
[0.344s] writing dependency_links to ../../build/datos_pkg/datos_pkg.egg-info/dependency_links.txt
[0.344s] writing entry points to ../../build/datos_pkg/datos_pkg.egg-info/entry_points.txt
[0.344s] writing requirements to ../../build/datos_pkg/datos_pkg.egg-info/requires.txt
[0.344s] writing top-level names to ../../build/datos_pkg/datos_pkg.egg-info/top_level.txt
[0.344s] writing manifest file '../../build/datos_pkg/datos_pkg.egg-info/SOURCES.txt'
[0.355s] reading manifest file '../../build/datos_pkg/datos_pkg.egg-info/SOURCES.txt'
[0.355s] writing manifest file '../../build/datos_pkg/datos_pkg.egg-info/SOURCES.txt'
[0.355s] running build
[0.355s] running build_py
[0.355s] creating /home/kzzazzk/ros_ws/build/datos_pkg/build
[0.356s] creating /home/kzzazzk/ros_ws/build/datos_pkg/build/lib
[0.356s] creating /home/kzzazzk/ros_ws/build/datos_pkg/build/lib/datos_pkg
[0.356s] copying datos_pkg/__init__.py -> /home/kzzazzk/ros_ws/build/datos_pkg/build/lib/datos_pkg
[0.356s] running install
[0.358s] running install_lib
[0.363s] creating /home/kzzazzk/ros_ws/install/datos_pkg/lib/python3.12/site-packages/datos_pkg
[0.363s] copying /home/kzzazzk/ros_ws/build/datos_pkg/build/lib/datos_pkg/__init__.py -> /home/kzzazzk/ros_ws/install/datos_pkg/lib/python3.12/site-packages/datos_pkg
[0.363s] byte-compiling /home/kzzazzk/ros_ws/install/datos_pkg/lib/python3.12/site-packages/datos_pkg/__init__.py to __init__.cpython-312.pyc
[0.363s] running install_data
[0.363s] creating /home/kzzazzk/ros_ws/install/datos_pkg/share/ament_index
[0.363s] creating /home/kzzazzk/ros_ws/install/datos_pkg/share/ament_index/resource_index
[0.363s] creating /home/kzzazzk/ros_ws/install/datos_pkg/share/ament_index/resource_index/packages
[0.363s] copying resource/datos_pkg -> /home/kzzazzk/ros_ws/install/datos_pkg/share/ament_index/resource_index/packages
[0.363s] copying package.xml -> /home/kzzazzk/ros_ws/install/datos_pkg/share/datos_pkg
[0.363s] running install_egg_info
[0.369s] Copying ../../build/datos_pkg/datos_pkg.egg-info to /home/kzzazzk/ros_ws/install/datos_pkg/lib/python3.12/site-packages/datos_pkg-0.0.0-py3.12.egg-info
[0.369s] running install_scripts
[0.410s] writing list of installed files to '/home/kzzazzk/ros_ws/build/datos_pkg/install.log'
[0.424s] Invoked command in '/home/kzzazzk/ros_ws/src/datos_pkg' returned '0': DEBUGINFOD_URLS=https://debuginfod.ubuntu.com PYTHONPATH=/home/kzzazzk/ros_ws/build/datos_pkg/prefix_override:/usr/lib/python3/dist-packages/colcon_core/task/python/colcon_distutils_commands:/home/kzzazzk/ros_ws/install/datos_pkg/lib/python3.12/site-packages:${PYTHONPATH} /usr/bin/python3 -W ignore:setup.py install is deprecated -W ignore:easy_install command is deprecated setup.py egg_info --egg-base ../../build/datos_pkg build --build-base /home/kzzazzk/ros_ws/build/datos_pkg/build install --record /home/kzzazzk/ros_ws/build/datos_pkg/install.log --single-version-externally-managed install_data
